$ python hgemm_sm80.py --skip-verify
Running hgemm with M=1024, N=1024, K=1024, L=1, BLAS TN.
[CuTe Info] A tensor<ptr<f16, gmem, align<16>> o (1024,1024,1):(1024,1,1)>
[CuTe Info] B tensor<ptr<f16, gmem, align<16>> o (1024,1024,1):(1024,1,1)>
[CuTe Info] C tensor<ptr<f16, gmem, align<16>> o (1024,1024,1):(1024,1,1)>
[CuTe Info] grid_dim (8, 8, 1)
[CuTe Info] rasterized grid_dim (64, 1, 1)
[CuTe Info] block_dim (128, 1, 1)
[CuTe Info] smem_layout_A S<2,3,3> o 0 o ((8,16),(32,1),(1,3)):((32,256),(1,0),(0,4096))
[CuTe Info] smem_layout_B S<2,3,3> o 0 o ((8,16),(32,1),(1,3)):((32,256),(1,0),(0,4096))
[CuTe Info] smem_layout_C S<3,3,4> o 0 o ((8,16),(128,1)):((128,1024),(1,0))
[CuTe Info] tiled_copy_A Tiled Copy
  Tiler MN:        (32:1,32:1)
  TV Layout tiled: ((4,32),8):((256,1),32)
Copy Atom
  ThrID:           1:0
  TV Layout Src:   (1,8):(0,1)
  TV Layout Dst:   (1,8):(0,1)
  Value type:      f16
[CuTe Info] tiled_copy_B Tiled Copy
  Tiler MN:        (32:1,32:1)
  TV Layout tiled: ((4,32),8):((256,1),32)
Copy Atom
  ThrID:           1:0
  TV Layout Src:   (1,8):(0,1)
  TV Layout Dst:   (1,8):(0,1)
  Value type:      f16
[CuTe Info] tiled_copy_C Tiled Copy
  Tiler MN:        (8:1,128:1)
  TV Layout tiled: ((16,8),8):((64,1),8)
Copy Atom
  ThrID:           1:0
  TV Layout Src:   (1,1):(0,0)
  TV Layout Dst:   (1,1):(0,0)
  Value type:      f16
[CuTe Info] tiled_mma Tiled MMA
  Thr Layout VMNK: (32,2,2,1):(1,32,64,0)
  Permutation MNK: (32:1,32:1,16:1)
MMA Atom
  ThrID:           32:1
  Shape MNK:       (16,8,16)
  TV Layout A:     ((4,8),(2,2,2)):((32,1),(16,8,128))
  TV Layout B:     ((4,8),(2,2)):((16,1),(8,64))
  TV Layout C:     ((4,8),(2,2)):((32,1),(16,8))
[CuTe Info] gA tensor<ptr<f16, gmem, align<16>> o (128,32,32):(1024,1,32)>
[CuTe Info] gB tensor<ptr<f16, gmem, align<16>> o (128,32,32):(1024,1,32)>
[CuTe Info] gC tensor<ptr<f16, gmem> o (128,128):(1024,1)>
[CuTe Info] sA tensor<ptr<f16, smem, align<1024>> o S<2,3,3> o 0 o ((8,16),(32,1),(1,3)):((32,256),(1,0),(0,4096))>
[CuTe Info] sB tensor<ptr<f16, smem, align<1024>> o S<2,3,3> o 0 o ((8,16),(32,1),(1,3)):((32,256),(1,0),(0,4096))>
[CuTe Info] sC tensor<ptr<f16, smem, align<1024>> o S<3,3,4> o 0 o ((8,16),(128,1)):((128,1024),(1,0))>
[CuTe Info] tAgA tensor<ptr<f16, gmem, align<16>> o ((8,1),4,1,32):((1,0),32768,0,32)>
[CuTe Info] tAsA tensor<ptr<f16, smem, align<16>> o ((8,1),4,1,(1,3)):((1,0),1024,0,(0,4096))>
[CuTe Info] tBgB tensor<ptr<f16, gmem, align<16>> o ((8,1),4,1,32):((1,0),32768,0,32)>
[CuTe Info] tBsB tensor<ptr<f16, smem, align<16>> o ((8,1),4,1,(1,3)):((1,0),1024,0,(0,4096))>
[CuTe Info] tCgC epilogue tensor<ptr<f16, gmem> o ((1,8),16,1):((0,1),8192,0)>
[CuTe Info] tCsC epilogue tensor<ptr<f16, smem, align<16>> o ((1,8),16,1):((0,1),1024,0)>
[CuTe Info] tCsA tensor<ptr<f16, smem, align<4>> o ((2,2,2),4,2,(1,3)):((1,256,?{div=8}),1024,?{div=16},(0,4096))>
[CuTe Info] tCsB tensor<ptr<f16, smem, align<4>> o ((2,2),8,2,(1,3)):((1,?{div=8}),512,?{div=16},(0,4096))>
[CuTe Info] tCsC mma tensor<ptr<f16, smem, align<4>> o ((2,2),4,(2,2,2)):((1,1024),4096,(?{div=16},?{div=32},64))>
[CuTe Info] tCgC mma tensor<ptr<f16, gmem> o ((2,2),4,8):((1,8192),32768,16)>
[CuTe Info] tCrA tensor<ptr<f16, rmem, align<16>> o ((2,2,2),4,2):((1,2,4),8,32)>
[CuTe Info] tCrB tensor<ptr<f16, rmem, align<8>> o ((2,2),8,2):((1,2),4,32)>
[CuTe Info] tCrC tensor<ptr<f32, rmem, align<16>> o ((2,2),4,8):((1,2),4,16)>
[CuTe Info] tCsA copy_view tensor<ptr<f16, smem, align<16>> o ((8,1),4,2,(1,3)):((1,0),1024,?{div=16},(0,4096))>
[CuTe Info] tCsB copy_view tensor<ptr<f16, smem, align<16>> o ((8,1),4,2,(1,3)):((1,0),1024,?{div=16},(0,4096))>
[CuTe Info] tCrA copy_view tensor<ptr<f16, rmem, align<16>> o ((8,1),4,2):((1,0),8,32)>
[CuTe Info] tCrB copy_view tensor<ptr<f16, rmem, align<8>> o ((8,1),4,2):((1,0),8,32)>
Kernel compiled time 0.7715 seconds
Torch kernel execution time: 55.10 us
Torch achieved TOPS: 38.97
Cute kernel execution time: 38.93 us
Cute achieved TOPS: 55.17
PASS!