tensor<ptr<bf16, gmem> o (4,10,(8,5)):(1,4,(40,320))>
tensor<ptr<bf16, smem> o (4,10,(8,5)):(1,4,(40,320))>
tensor<ptr<bf16, gmem> o (10,(8,5)):(4,(40,320))>
tensor<ptr<bf16, gmem> o ((8,5)):((40,320))>
tensor<ptr<bf16, gmem> o (4,10):(1,4)>
tensor<ptr<bf16, gmem> o (8,5):(40,320)>
tensor<ptr<bf16, gmem> o (10):(4)>
Inner/Outer partitioning
tensor_b                                        tensor<ptr<bf16, gmem> o (8,24):(1,8)>
tiler                                           (4, 8)
tiled tensor_b                                  tensor<ptr<bf16, gmem> o ((4,8),(2,3)):((1,8),(4,64))>
tiled inner local_b with (1, 2)                 None
tiled inner local_b using cute.local_tile       tensor<ptr<bf16, gmem> o (4,8):(1,8)>
tiled outer local b                             None
tiled outer local b using cute.local_partition  None
(8,4):(8,64)
((2,4),(2,2)):((8,1),(4,16))
tensor<ptr<bf16, gmem> o (8,4):(8,64)>
tensor<ptr<bf16, gmem> o (4):(64)>
[1]    138723 segmentation fault (core dumped)  python tensor_pg.py